<?xml version="1.0" encoding="UTF-8"?>
<!-- Generated by org.testng.reporters.JUnitReportReporter -->
<testsuite hostname="GOT500VI75512" name="com.volvo.mfg.test.TestAssignmentDelivery" tests="1" failures="0" timestamp="27 Dec 2018 11:42:31 GMT" time="1010.074" errors="0">
  <testcase name="AssignmentFlows" time="1010.074" classname="com.volvo.mfg.test.TestAssignmentDelivery"/>
</testsuite> <!-- com.volvo.mfg.test.TestAssignmentDelivery -->
